Using pre-set license
Built from '2022.1/staging' branch; Version is '2022.1.19f1 (2fd7b40534d1) revision 3135412'; Using compiler version '192829333'; Build Type 'Release'
OS: 'Windows 10  (10.0.19045) 64bit Professional' Language: 'en' Physical Memory: 32576 MB
BatchMode: 1, IsHumanControllingUs: 0, StartBugReporterOnCrash: 0, Is64bit: 1, IsPro: 1

COMMAND LINE ARGUMENTS:
C:\Program Files\Unity\Hub\Editor\2022.1.19f1\Editor\Unity.exe
-adb2
-batchMode
-noUpm
-name
AssetImportWorker0
-projectPath
C:/Users/jack/Documents/GitHub/Goddess-Spire/Goddess spire
-logFile
Logs/AssetImportWorker0.log
-srvPort
57324
Successfully changed project path to: C:/Users/jack/Documents/GitHub/Goddess-Spire/Goddess spire
C:/Users/jack/Documents/GitHub/Goddess-Spire/Goddess spire
[UnityMemory] Configuration Parameters - Can be set up in boot.config
    "memorysetup-bucket-allocator-granularity=16"
    "memorysetup-bucket-allocator-bucket-count=8"
    "memorysetup-bucket-allocator-block-size=33554432"
    "memorysetup-bucket-allocator-block-count=8"
    "memorysetup-main-allocator-block-size=16777216"
    "memorysetup-thread-allocator-block-size=16777216"
    "memorysetup-gfx-main-allocator-block-size=16777216"
    "memorysetup-gfx-thread-allocator-block-size=16777216"
    "memorysetup-cache-allocator-block-size=4194304"
    "memorysetup-typetree-allocator-block-size=2097152"
    "memorysetup-profiler-bucket-allocator-granularity=16"
    "memorysetup-profiler-bucket-allocator-bucket-count=8"
    "memorysetup-profiler-bucket-allocator-block-size=33554432"
    "memorysetup-profiler-bucket-allocator-block-count=8"
    "memorysetup-profiler-allocator-block-size=16777216"
    "memorysetup-profiler-editor-allocator-block-size=1048576"
    "memorysetup-temp-allocator-size-main=16777216"
    "memorysetup-job-temp-allocator-block-size=2097152"
    "memorysetup-job-temp-allocator-block-size-background=1048576"
    "memorysetup-job-temp-allocator-reduction-small-platforms=262144"
    "memorysetup-temp-allocator-size-background-worker=32768"
    "memorysetup-temp-allocator-size-job-worker=262144"
    "memorysetup-temp-allocator-size-preload-manager=33554432"
    "memorysetup-temp-allocator-size-nav-mesh-worker=65536"
    "memorysetup-temp-allocator-size-audio-worker=65536"
    "memorysetup-temp-allocator-size-cloud-worker=32768"
    "memorysetup-temp-allocator-size-gi-baking-worker=262144"
    "memorysetup-temp-allocator-size-gfx=262144"
Refreshing native plugins compatible for Editor in 123.47 ms, found 4 plugins.
Preloading 0 native plugins for Editor in 0.00 ms.
Initialize engine version: 2022.1.19f1 (2fd7b40534d1)
[Subsystems] Discovering subsystems at path C:/Program Files/Unity/Hub/Editor/2022.1.19f1/Editor/Data/Resources/UnitySubsystems
[Subsystems] Discovering subsystems at path C:/Users/jack/Documents/GitHub/Goddess-Spire/Goddess spire/Assets
GfxDevice: creating device client; threaded=0; jobified=0
Direct3D:
    Version:  Direct3D 11.0 [level 11.1]
    Renderer: NVIDIA GeForce RTX 2080 (ID=0x1e82)
    Vendor:   NVIDIA
    VRAM:     8001 MB
    Driver:   31.0.15.3598
Initialize mono
Mono path[0] = 'C:/Program Files/Unity/Hub/Editor/2022.1.19f1/Editor/Data/Managed'
Mono path[1] = 'C:/Program Files/Unity/Hub/Editor/2022.1.19f1/Editor/Data/MonoBleedingEdge/lib/mono/unityjit-win32'
Mono config path = 'C:/Program Files/Unity/Hub/Editor/2022.1.19f1/Editor/Data/MonoBleedingEdge/etc'
Using monoOptions --debugger-agent=transport=dt_socket,embedding=1,server=y,suspend=n,address=127.0.0.1:56748
Begin MonoManager ReloadAssembly
Registering precompiled unity dll's ...
Register platform support module: C:/Program Files/Unity/Hub/Editor/2022.1.19f1/Editor/Data/PlaybackEngines/WindowsStandaloneSupport/UnityEditor.WindowsStandalone.Extensions.dll
Registered in 0.007452 seconds.
Native extension for WindowsStandalone target not found
Refreshing native plugins compatible for Editor in 123.70 ms, found 4 plugins.
Preloading 0 native plugins for Editor in 0.00 ms.
Mono: successfully reloaded assembly
- Completed reload, in  0.703 seconds
Domain Reload Profiling:
	ReloadAssembly (704ms)
		BeginReloadAssembly (78ms)
			ExecutionOrderSort (0ms)
			DisableScriptedObjects (0ms)
			BackupInstance (0ms)
			ReleaseScriptingObjects (0ms)
			CreateAndSetChildDomain (1ms)
		EndReloadAssembly (513ms)
			LoadAssemblies (75ms)
			RebuildTransferFunctionScriptingTraits (0ms)
			SetupTypeCache (110ms)
				TypeCache.Initialize (109ms)
					TypeCache.ScanAssembly (108ms)
				ResolveRequiredComponents (0ms)
			ReleaseScriptCaches (0ms)
			RebuildScriptCaches (28ms)
			SetupLoadedEditorAssemblies (319ms)
				LogAssemblyErrors (0ms)
				InitializePlatformSupportModulesInManaged (8ms)
				SetLoadedEditorAssemblies (7ms)
				RefreshPlugins (124ms)
				BeforeProcessingInitializeOnLoad (1ms)
				ProcessInitializeOnLoadAttributes (135ms)
				ProcessInitializeOnLoadMethodAttributes (44ms)
				AfterProcessingInitializeOnLoad (0ms)
				EditorAssembliesLoaded (0ms)
			ExecutionOrderSort2 (0ms)
			AwakeInstancesAfterBackupRestoration (0ms)
Platform modules already initialized, skipping
Registering precompiled user dll's ...
Registered in 0.007736 seconds.
Begin MonoManager ReloadAssembly
Symbol file LoadedFromMemory doesn't match image C:\Users\jack\Documents\GitHub\Goddess-Spire\Goddess spire\Library\PackageCache\com.unity.visualscripting@1.7.8\Editor\VisualScripting.Core\Dependencies\YamlDotNet\Unity.VisualScripting.YamlDotNet.dll
Symbol file LoadedFromMemory doesn't match image C:\Users\jack\Documents\GitHub\Goddess-Spire\Goddess spire\Library\PackageCache\com.unity.visualscripting@1.7.8\Editor\VisualScripting.Core\Dependencies\DotNetZip\Unity.VisualScripting.IonicZip.dll
Native extension for WindowsStandalone target not found
Refreshing native plugins compatible for Editor in 122.43 ms, found 4 plugins.
Preloading 0 native plugins for Editor in 0.00 ms.
Mono: successfully reloaded assembly
- Completed reload, in  1.499 seconds
Domain Reload Profiling:
	ReloadAssembly (1500ms)
		BeginReloadAssembly (112ms)
			ExecutionOrderSort (0ms)
			DisableScriptedObjects (6ms)
			BackupInstance (0ms)
			ReleaseScriptingObjects (0ms)
			CreateAndSetChildDomain (18ms)
		EndReloadAssembly (1269ms)
			LoadAssemblies (103ms)
			RebuildTransferFunctionScriptingTraits (0ms)
			SetupTypeCache (323ms)
				TypeCache.Initialize (311ms)
					TypeCache.ScanAssembly (306ms)
				ResolveRequiredComponents (12ms)
			ReleaseScriptCaches (1ms)
			RebuildScriptCaches (70ms)
			SetupLoadedEditorAssemblies (717ms)
				LogAssemblyErrors (0ms)
				InitializePlatformSupportModulesInManaged (4ms)
				SetLoadedEditorAssemblies (7ms)
				RefreshPlugins (123ms)
				BeforeProcessingInitializeOnLoad (132ms)
				ProcessInitializeOnLoadAttributes (360ms)
				ProcessInitializeOnLoadMethodAttributes (83ms)
				AfterProcessingInitializeOnLoad (7ms)
				EditorAssembliesLoaded (0ms)
			ExecutionOrderSort2 (0ms)
			AwakeInstancesAfterBackupRestoration (5ms)
Platform modules already initialized, skipping
========================================================================
Worker process is ready to serve import requests
Launched and connected shader compiler UnityShaderCompiler.exe after 0.04 seconds
Refreshing native plugins compatible for Editor in 1.05 ms, found 4 plugins.
Preloading 0 native plugins for Editor in 0.00 ms.
Unloading 6188 Unused Serialized files (Serialized files now loaded: 0)
Unloading 58 unused Assets / (1.8 MB). Loaded Objects now: 6666.
Memory consumption went from 0.99 GB to 0.98 GB.
Total: 4.496500 ms (FindLiveObjects: 0.857400 ms CreateObjectMapping: 0.236500 ms MarkObjects: 2.975500 ms  DeleteObjects: 0.425600 ms)

AssetImportParameters requested are different than current active one (requested -> active):
  custom:video-decoder-ogg-theora: a1e56fd34408186e4bbccfd4996cb3dc -> 
  custom:container-muxer-webm: aa71ff27fc2769a1b78a27578f13a17b -> 
  custom:container-demuxer-webm: 4f35f7cbe854078d1ac9338744f61a02 -> 
  custom:video-encoder-webm-vp8: eb34c28f22e8b96e1ab97ce403110664 -> 
  custom:audio-encoder-webm-vorbis: bf7c407c2cedff20999df2af8eb42d56 -> 
  custom:framework-win-MediaFoundation: 216162199b28c13a410421893ffa2e32 -> 
  custom:container-demuxer-ogg: 62fdf1f143b41e24485cea50d1cbac27 -> 
  custom:video-decoder-webm-vp8: 9c59270c3fd7afecdb556c50c9e8de78 -> 
  custom:audio-decoder-ogg-vorbis: bf7c407c2cedff20999df2af8eb42d56 -> 
========================================================================
Received Import Request.
  Time since last request: 505932.186078 seconds.
  path: Assets/Assets/shaders/mouth.shadergraph
  artifactKey: Guid(b13b1c0e016e6c74488472956486c120) Importer(815301076,1909f56bfc062723c751e8b465ee728b)
Start importing Assets/Assets/shaders/mouth.shadergraph using Guid(b13b1c0e016e6c74488472956486c120) Importer(815301076,1909f56bfc062723c751e8b465ee728b)  -> (artifact id: '6fb23727ea1bea38084074011326ee42') in 0.271920 seconds 
========================================================================
Received Import Request.
  Time since last request: 1167.889387 seconds.
  path: Assets/Assets/shaders/mouth.shadergraph
  artifactKey: Guid(b13b1c0e016e6c74488472956486c120) Importer(815301076,1909f56bfc062723c751e8b465ee728b)
Start importing Assets/Assets/shaders/mouth.shadergraph using Guid(b13b1c0e016e6c74488472956486c120) Importer(815301076,1909f56bfc062723c751e8b465ee728b)  -> (artifact id: 'a405aea3edd012fcaade1785a9deb6b4') in 0.014556 seconds 
========================================================================
Received Import Request.
  Time since last request: 197.231033 seconds.
  path: Assets/Assets/2D/mouth mats
  artifactKey: Guid(b5df470a232064b4b8d504944d54c283) Importer(815301076,1909f56bfc062723c751e8b465ee728b)
Start importing Assets/Assets/2D/mouth mats using Guid(b5df470a232064b4b8d504944d54c283) Importer(815301076,1909f56bfc062723c751e8b465ee728b)  -> (artifact id: 'b57bf6d43ac217bb8a5e50cdda400c43') in 0.006433 seconds 
========================================================================
Received Import Request.
  Time since last request: 601.476514 seconds.
  path: Assets/Assets/2D/mouth mats/back.png
  artifactKey: Guid(f36bee062a9c24b43b1d6ac4977f1897) Importer(815301076,1909f56bfc062723c751e8b465ee728b)
Start importing Assets/Assets/2D/mouth mats/back.png using Guid(f36bee062a9c24b43b1d6ac4977f1897) Importer(815301076,1909f56bfc062723c751e8b465ee728b)  -> (artifact id: '979d9eb42e8d694346598eedf1c9d9c2') in 0.074589 seconds 
========================================================================
Received Import Request.
  Time since last request: 0.000039 seconds.
  path: Assets/Assets/2D/mouth mats/teeth 1.png
  artifactKey: Guid(0796faf1092a9b34f80c7dc30d315c79) Importer(815301076,1909f56bfc062723c751e8b465ee728b)
Start importing Assets/Assets/2D/mouth mats/teeth 1.png using Guid(0796faf1092a9b34f80c7dc30d315c79) Importer(815301076,1909f56bfc062723c751e8b465ee728b)  -> (artifact id: '6cefe0f881b10172e845643bc04699d3') in 0.028116 seconds 
========================================================================
Received Import Request.
  Time since last request: 445.740545 seconds.
  path: Assets/Assets/2D/mouth mats/lip 1.png
  artifactKey: Guid(34a3521d5dda1c64394ee65852e69bc1) Importer(815301076,1909f56bfc062723c751e8b465ee728b)
Start importing Assets/Assets/2D/mouth mats/lip 1.png using Guid(34a3521d5dda1c64394ee65852e69bc1) Importer(815301076,1909f56bfc062723c751e8b465ee728b)  -> (artifact id: '717c39278c24c2ffed4add6f52955850') in 0.021390 seconds 
========================================================================
Received Import Request.
  Time since last request: 397.298185 seconds.
  path: Assets/Assets/2D/mouth mats/tongue 1.png
  artifactKey: Guid(1f6ff701cefd55245b22a7dfe902fc5b) Importer(815301076,1909f56bfc062723c751e8b465ee728b)
Start importing Assets/Assets/2D/mouth mats/tongue 1.png using Guid(1f6ff701cefd55245b22a7dfe902fc5b) Importer(815301076,1909f56bfc062723c751e8b465ee728b)  -> (artifact id: '637da4c9d15441734db2217eb6af0138') in 0.014932 seconds 
========================================================================
Received Import Request.
  Time since last request: 16.712393 seconds.
  path: Assets/Assets/Materials/eye.mat
  artifactKey: Guid(aaa5c78bd3ad7984ab3eacb59b86576e) Importer(815301076,1909f56bfc062723c751e8b465ee728b)
Start importing Assets/Assets/Materials/eye.mat using Guid(aaa5c78bd3ad7984ab3eacb59b86576e) Importer(815301076,1909f56bfc062723c751e8b465ee728b)  -> (artifact id: '3c9e79b3446834fba6f5d43768e4ad5f') in 0.085426 seconds 
========================================================================
Received Import Request.
  Time since last request: 6.826962 seconds.
  path: Assets/Assets/Materials/mouth.mat
  artifactKey: Guid(5c9b20193e4016e40b906c53880f70df) Importer(815301076,1909f56bfc062723c751e8b465ee728b)
Start importing Assets/Assets/Materials/mouth.mat using Guid(5c9b20193e4016e40b906c53880f70df) Importer(815301076,1909f56bfc062723c751e8b465ee728b)  -> (artifact id: '07c2e76e36f232ee58db64456e52611b') in 0.029230 seconds 
========================================================================
Received Import Request.
  Time since last request: 87.863554 seconds.
  path: Assets/Assets/Materials/mouth.mat
  artifactKey: Guid(5c9b20193e4016e40b906c53880f70df) Importer(815301076,1909f56bfc062723c751e8b465ee728b)
Start importing Assets/Assets/Materials/mouth.mat using Guid(5c9b20193e4016e40b906c53880f70df) Importer(815301076,1909f56bfc062723c751e8b465ee728b)  -> (artifact id: '0bcbefa9b585e19b0440a901d35914b9') in 0.017833 seconds 
========================================================================
Received Import Request.
  Time since last request: 18.624915 seconds.
  path: Assets/Assets/Materials/mouth.mat
  artifactKey: Guid(5c9b20193e4016e40b906c53880f70df) Importer(815301076,1909f56bfc062723c751e8b465ee728b)
Start importing Assets/Assets/Materials/mouth.mat using Guid(5c9b20193e4016e40b906c53880f70df) Importer(815301076,1909f56bfc062723c751e8b465ee728b)  -> (artifact id: 'd6523578697c6fefdb37e9a4954862aa') in 0.017728 seconds 
========================================================================
Received Import Request.
  Time since last request: 126.513216 seconds.
  path: Assets/Assets/2D/mouth mats/teeth clip.png
  artifactKey: Guid(ecc45287492542a4795a1568709cd42c) Importer(815301076,1909f56bfc062723c751e8b465ee728b)
Start importing Assets/Assets/2D/mouth mats/teeth clip.png using Guid(ecc45287492542a4795a1568709cd42c) Importer(815301076,1909f56bfc062723c751e8b465ee728b)  -> (artifact id: '427b73325821763e57405a6d3ffd8e65') in 0.015885 seconds 
========================================================================
Received Import Request.
  Time since last request: 351.758420 seconds.
  path: Assets/Assets/shaders/nose.shadergraph
  artifactKey: Guid(3b10d8940a747104fa221b27dda0840f) Importer(815301076,1909f56bfc062723c751e8b465ee728b)
Start importing Assets/Assets/shaders/nose.shadergraph using Guid(3b10d8940a747104fa221b27dda0840f) Importer(815301076,1909f56bfc062723c751e8b465ee728b)  -> (artifact id: 'af6c76523fc41ce7f7e60fe808465f83') in 0.439168 seconds 
========================================================================
Received Import Request.
  Time since last request: 9.590892 seconds.
  path: Assets/Assets/shaders/nose.shadergraph
  artifactKey: Guid(3b10d8940a747104fa221b27dda0840f) Importer(815301076,1909f56bfc062723c751e8b465ee728b)
Start importing Assets/Assets/shaders/nose.shadergraph using Guid(3b10d8940a747104fa221b27dda0840f) Importer(815301076,1909f56bfc062723c751e8b465ee728b)  -> (artifact id: '999ad871b1f2e17507dc698a153316ed') in 0.014794 seconds 
========================================================================
Received Import Request.
  Time since last request: 100.387328 seconds.
  path: Assets/Assets/shaders/nose.shadergraph
  artifactKey: Guid(3b10d8940a747104fa221b27dda0840f) Importer(815301076,1909f56bfc062723c751e8b465ee728b)
Start importing Assets/Assets/shaders/nose.shadergraph using Guid(3b10d8940a747104fa221b27dda0840f) Importer(815301076,1909f56bfc062723c751e8b465ee728b)  -> (artifact id: '0c70d6e1db1952826033f6940163e720') in 0.275330 seconds 
========================================================================
Received Import Request.
  Time since last request: 384.426721 seconds.
  path: Assets/Assets/2D/noses/outline.png
  artifactKey: Guid(beac8139677d13746883106a8f8668fe) Importer(815301076,1909f56bfc062723c751e8b465ee728b)
Start importing Assets/Assets/2D/noses/outline.png using Guid(beac8139677d13746883106a8f8668fe) Importer(815301076,1909f56bfc062723c751e8b465ee728b)  -> (artifact id: '8258430039a98b375b1bf18cdd786db6') in 0.027452 seconds 
========================================================================
Received Import Request.
  Time since last request: 160.284814 seconds.
  path: Assets/Assets/2D/noses/outline.png
  artifactKey: Guid(beac8139677d13746883106a8f8668fe) Importer(815301076,1909f56bfc062723c751e8b465ee728b)
Start importing Assets/Assets/2D/noses/outline.png using Guid(beac8139677d13746883106a8f8668fe) Importer(815301076,1909f56bfc062723c751e8b465ee728b)  -> (artifact id: '1d335166248e96f0a6853bff6172ddf5') in 0.015727 seconds 
========================================================================
Received Import Request.
  Time since last request: 57.249142 seconds.
  path: Assets/Assets/Materials/mouth.mat
  artifactKey: Guid(5c9b20193e4016e40b906c53880f70df) Importer(815301076,1909f56bfc062723c751e8b465ee728b)
Start importing Assets/Assets/Materials/mouth.mat using Guid(5c9b20193e4016e40b906c53880f70df) Importer(815301076,1909f56bfc062723c751e8b465ee728b)  -> (artifact id: 'bee1850f177954cf4e5a58133a3b466f') in 0.021825 seconds 
========================================================================
Received Import Request.
  Time since last request: 5.302206 seconds.
  path: Assets/Assets/Materials/nose.mat
  artifactKey: Guid(10ec95400aeed604c9768cc3b12c3f78) Importer(815301076,1909f56bfc062723c751e8b465ee728b)
Start importing Assets/Assets/Materials/nose.mat using Guid(10ec95400aeed604c9768cc3b12c3f78) Importer(815301076,1909f56bfc062723c751e8b465ee728b)  -> (artifact id: '8a40c17bbcb102756b77cf42722107aa') in 0.014058 seconds 
========================================================================
Received Import Request.
  Time since last request: 17.727592 seconds.
  path: Assets/Assets/Materials/nose.mat
  artifactKey: Guid(10ec95400aeed604c9768cc3b12c3f78) Importer(815301076,1909f56bfc062723c751e8b465ee728b)
Start importing Assets/Assets/Materials/nose.mat using Guid(10ec95400aeed604c9768cc3b12c3f78) Importer(815301076,1909f56bfc062723c751e8b465ee728b)  -> (artifact id: 'd3356727aa5da009b455430b6fb7f084') in 0.300214 seconds 
========================================================================
Received Import Request.
  Time since last request: 128.612447 seconds.
  path: Assets/Assets/Materials/nose.mat
  artifactKey: Guid(10ec95400aeed604c9768cc3b12c3f78) Importer(815301076,1909f56bfc062723c751e8b465ee728b)
Start importing Assets/Assets/Materials/nose.mat using Guid(10ec95400aeed604c9768cc3b12c3f78) Importer(815301076,1909f56bfc062723c751e8b465ee728b)  -> (artifact id: 'd5aadeb229a01d42fd9e314484e2fc91') in 0.032278 seconds 
========================================================================
Received Import Request.
  Time since last request: 37.225291 seconds.
  path: Assets/Assets/Materials/nose.mat
  artifactKey: Guid(10ec95400aeed604c9768cc3b12c3f78) Importer(815301076,1909f56bfc062723c751e8b465ee728b)
Start importing Assets/Assets/Materials/nose.mat using Guid(10ec95400aeed604c9768cc3b12c3f78) Importer(815301076,1909f56bfc062723c751e8b465ee728b)  -> (artifact id: 'c4ba57a8bce845659f1a145bb0ec37eb') in 0.295061 seconds 
